<?xml version="1.0" encoding="UTF-8"?>
<!-- Generated by org.testng.reporters.JUnitXMLReporter -->
<testsuite ignored="0" hostname="1af725af0cd5512" failures="0" tests="6" name="Default test" time="0.092" errors="0" timestamp="2023-03-30T16:58:08 IST">
  <testcase classname="com.ust.test.ThirdTest" name="f" time="0.007"/>
  <testcase classname="com.ust.test.ThirdTest" name="a" time="0.002"/>
  <testcase classname="com.ust.test.SecondTest" name="f" time="0.002"/>
  <testcase classname="com.ust.test.SecondTest" name="a" time="0.002"/>
  <testcase classname="com.ust.test.FirstTest" name="f" time="0.001"/>
  <testcase classname="com.ust.test.FirstTest" name="a" time="0.002"/>
</testsuite> <!-- Default test -->
